<?xml version="1.0" encoding="UTF-8"?>
<!-- Generated by org.testng.reporters.JUnitXMLReporter -->
<testsuite ignored="0" hostname="MREMEDD38144" failures="0" tests="3" name="Test1" time="29.159" errors="0" timestamp="02 Mar 2026 05:37:35 GMT">
  <testcase classname="testcase.OpenAccountTest" name="openAccountTest" time="12.466"/>
  <testcase classname="testcase.OpenAccountTest" name="openAccountTest" time="7.686"/>
  <testcase classname="testcase.OpenAccountTest" name="openAccountTest" time="8.083"/>
</testsuite> <!-- Test1 -->
