<?xml version="1.0" encoding="UTF-8"?>
<testng-results ignored="0" total="1" passed="1" failed="0" skipped="0">
  <reporter-output>
  </reporter-output>
  <suite started-at="2026-02-24T12:24:12 IST" name="PlaywrightSuite" finished-at="2026-02-24T12:24:30 IST" duration-ms="18005">
    <groups>
    </groups>
    <test started-at="2026-02-24T12:24:12 IST" name="PlaywrightTests" finished-at="2026-02-24T12:24:30 IST" duration-ms="18005">
      <class name="assignments.RandomChecbox">
        <test-method is-config="true" signature="launchBrowser()[pri:0, instance:assignments.RandomChecbox@31f924f5]" started-at="2026-02-24T12:24:12 IST" name="launchBrowser" finished-at="2026-02-24T12:24:25 IST" duration-ms="13331" status="PASS">
          <reporter-output>
          </reporter-output>
        </test-method> <!-- launchBrowser -->
        <test-method signature="testFlight()[pri:0, instance:assignments.RandomChecbox@31f924f5]" started-at="2026-02-24T12:24:25 IST" name="testFlight" finished-at="2026-02-24T12:24:27 IST" duration-ms="1327" status="PASS">
          <reporter-output>
          </reporter-output>
        </test-method> <!-- testFlight -->
        <test-method is-config="true" signature="closeBrowser()[pri:0, instance:assignments.RandomChecbox@31f924f5]" started-at="2026-02-24T12:24:27 IST" name="closeBrowser" finished-at="2026-02-24T12:24:30 IST" duration-ms="3310" status="PASS">
          <reporter-output>
          </reporter-output>
        </test-method> <!-- closeBrowser -->
      </class> <!-- assignments.RandomChecbox -->
    </test> <!-- PlaywrightTests -->
  </suite> <!-- PlaywrightSuite -->
</testng-results>
