<?xml version="1.0" encoding="UTF-8"?>
<!-- Generated by org.testng.reporters.JUnitReportReporter -->
<testsuite hostname="MREMEDD38144" failures="0" tests="3" name="testcase.OpenAccountTest" time="28.789" errors="0" timestamp="02 Mar 2026 05:37:38 GMT" skipped="0">
  <testcase classname="testcase.OpenAccountTest" name="openAccountTest" time="8.122"/>
  <testcase classname="testcase.OpenAccountTest" name="openAccountTest" time="7.944"/>
  <testcase classname="testcase.OpenAccountTest" name="openAccountTest" time="12.723"/>
</testsuite> <!-- testcase.OpenAccountTest -->
