<?xml version="1.0" encoding="UTF-8"?>
<!-- Generated by org.testng.reporters.JUnitReportReporter -->
<testsuite hostname="MREMEDD38144" failures="0" tests="3" name="testcase.AddCustomer" time="17.814" errors="0" timestamp="27 Feb 2026 12:12:13 GMT" skipped="0">
  <testcase classname="testcase.AddCustomer" name="addCustomerTest" time="4.569"/>
  <testcase classname="testcase.AddCustomer" name="addCustomerTest" time="4.939"/>
  <testcase classname="testcase.AddCustomer" name="addCustomerTest" time="8.306"/>
</testsuite> <!-- testcase.AddCustomer -->
