<?xml version="1.0" encoding="UTF-8"?>
<!-- Generated by org.testng.reporters.JUnitXMLReporter -->
<testsuite ignored="0" hostname="MREMEDD38144" failures="1" tests="2" name="DemoTests" time="28.457" errors="0" timestamp="2026-02-23T15:26:30 IST">
  <testcase classname="parameterisation.ParalllelWithDataProvider" name="test" time="25.651">
    <failure type="com.microsoft.playwright.impl.TargetClosedError" message="Error {
  message=&amp;apos;Target page, context or browser has been closed
  name=&amp;apos;TargetClosedError
  stack=&amp;apos;TargetClosedError:Target page, context or browser has been closed
Error
    at captureRawStack (/private/var/folders/dc/4kv0_bnn39j8rg3pgcvxm8p00000gp/T/playwright-java-31296596661805436/package/lib/utils/isomorphic/stackTrace.js:32:17)
    at LongStandingScope._race (/private/var/folders/dc/4kv0_bnn39j8rg3pgcvxm8p00000gp/T/playwright-java-31296596661805436/package/lib/utils/isomorphic/manualPromise.js:87:58)
    at LongStandingScope.race (/private/var/folders/dc/4kv0_bnn39j8rg3pgcvxm8p00000gp/T/playwright-java-31296596661805436/package/lib/utils/isomorphic/manualPromise.js:80:17)
    at /private/var/folders/dc/4kv0_bnn39j8rg3pgcvxm8p00000gp/T/playwright-java-31296596661805436/package/lib/utils/isomorphic/manualPromise.js:77:45
    at Array.map (&amp;lt;anonymous&amp;gt;)
    at LongStandingScope.raceMultiple (/private/var/folders/dc/4kv0_bnn39j8rg3pgcvxm8p00000gp/T/playwright-java-31296596661805436/package/lib/utils/isomorphic/manualPromise.js:77:32)
    at Frame.raceNavigationAction (/private/var/folders/dc/4kv0_bnn39j8rg3pgcvxm8p00000gp/T/playwright-java-31296596661805436/package/lib/server/frames.js:480:43)
    at Frame.goto (/private/var/folders/dc/4kv0_bnn39j8rg3pgcvxm8p00000gp/T/playwright-java-31296596661805436/package/lib/server/frames.js:505:17)
    at FrameDispatcher.goto (/private/var/folders/dc/4kv0_bnn39j8rg3pgcvxm8p00000gp/T/playwright-java-31296596661805436/package/lib/server/dispatchers/frameDispatcher.js:70:132)
    at /private/var/folders/dc/4kv0_bnn39j8rg3pgcvxm8p00000gp/T/playwright-java-31296596661805436/package/lib/server/dispatchers/dispatcher.js:95:61
    at ProgressController.run (/private/var/folders/dc/4kv0_bnn39j8rg3pgcvxm8p00000gp/T/playwright-java-31296596661805436/package/lib/server/progress.js:78:28)
    at FrameDispatcher._runCommand (/private/var/folders/dc/4kv0_bnn39j8rg3pgcvxm8p00000gp/T/playwright-java-31296596661805436/package/lib/server/dispatchers/dispatcher.js:95:31)
    at DispatcherConnection.dispatch (/private/var/folders/dc/4kv0_bnn39j8rg3pgcvxm8p00000gp/T/playwright-java-31296596661805436/package/lib/server/dispatchers/dispatcher.js:329:39)
}
Call log:
-   - navigating to &amp;quot;https://www.google.com/&amp;quot;, waiting until &amp;quot;load&amp;quot;
">
      <![CDATA[com.microsoft.playwright.impl.TargetClosedError: Error {
  message='Target page, context or browser has been closed
  name='TargetClosedError
  stack='TargetClosedError:Target page, context or browser has been closed
Error
    at captureRawStack (/private/var/folders/dc/4kv0_bnn39j8rg3pgcvxm8p00000gp/T/playwright-java-31296596661805436/package/lib/utils/isomorphic/stackTrace.js:32:17)
    at LongStandingScope._race (/private/var/folders/dc/4kv0_bnn39j8rg3pgcvxm8p00000gp/T/playwright-java-31296596661805436/package/lib/utils/isomorphic/manualPromise.js:87:58)
    at LongStandingScope.race (/private/var/folders/dc/4kv0_bnn39j8rg3pgcvxm8p00000gp/T/playwright-java-31296596661805436/package/lib/utils/isomorphic/manualPromise.js:80:17)
    at /private/var/folders/dc/4kv0_bnn39j8rg3pgcvxm8p00000gp/T/playwright-java-31296596661805436/package/lib/utils/isomorphic/manualPromise.js:77:45
    at Array.map (<anonymous>)
    at LongStandingScope.raceMultiple (/private/var/folders/dc/4kv0_bnn39j8rg3pgcvxm8p00000gp/T/playwright-java-31296596661805436/package/lib/utils/isomorphic/manualPromise.js:77:32)
    at Frame.raceNavigationAction (/private/var/folders/dc/4kv0_bnn39j8rg3pgcvxm8p00000gp/T/playwright-java-31296596661805436/package/lib/server/frames.js:480:43)
    at Frame.goto (/private/var/folders/dc/4kv0_bnn39j8rg3pgcvxm8p00000gp/T/playwright-java-31296596661805436/package/lib/server/frames.js:505:17)
    at FrameDispatcher.goto (/private/var/folders/dc/4kv0_bnn39j8rg3pgcvxm8p00000gp/T/playwright-java-31296596661805436/package/lib/server/dispatchers/frameDispatcher.js:70:132)
    at /private/var/folders/dc/4kv0_bnn39j8rg3pgcvxm8p00000gp/T/playwright-java-31296596661805436/package/lib/server/dispatchers/dispatcher.js:95:61
    at ProgressController.run (/private/var/folders/dc/4kv0_bnn39j8rg3pgcvxm8p00000gp/T/playwright-java-31296596661805436/package/lib/server/progress.js:78:28)
    at FrameDispatcher._runCommand (/private/var/folders/dc/4kv0_bnn39j8rg3pgcvxm8p00000gp/T/playwright-java-31296596661805436/package/lib/server/dispatchers/dispatcher.js:95:31)
    at DispatcherConnection.dispatch (/private/var/folders/dc/4kv0_bnn39j8rg3pgcvxm8p00000gp/T/playwright-java-31296596661805436/package/lib/server/dispatchers/dispatcher.js:329:39)
}
Call log:
-   - navigating to "https://www.google.com/", waiting until "load"

at com.microsoft.playwright.impl.WaitableResult.get(WaitableResult.java:54)
at com.microsoft.playwright.impl.ChannelOwner.runUntil(ChannelOwner.java:138)
at com.microsoft.playwright.impl.Connection.sendMessage(Connection.java:131)
at com.microsoft.playwright.impl.ChannelOwner.sendMessage(ChannelOwner.java:124)
at com.microsoft.playwright.impl.FrameImpl.navigateImpl(FrameImpl.java:429)
at com.microsoft.playwright.impl.PageImpl.navigate(PageImpl.java:929)
at com.microsoft.playwright.impl.PageImpl.navigate(PageImpl.java:43)
at com.microsoft.playwright.Page.navigate(Page.java:5504)
at parameterisation.ParalllelWithDataProvider.test(ParalllelWithDataProvider.java:37)
at java.base/java.util.concurrent.ThreadPoolExecutor.runWorker(ThreadPoolExecutor.java:1144)
at java.base/java.util.concurrent.ThreadPoolExecutor$Worker.run(ThreadPoolExecutor.java:642)
at java.base/java.lang.Thread.run(Thread.java:1583)
Caused by: com.microsoft.playwright.impl.TargetClosedError: Error {
  message='Target page, context or browser has been closed
  name='TargetClosedError
  stack='TargetClosedError:Target page, context or browser has been closed
Error
    at captureRawStack (/private/var/folders/dc/4kv0_bnn39j8rg3pgcvxm8p00000gp/T/playwright-java-31296596661805436/package/lib/utils/isomorphic/stackTrace.js:32:17)
    at LongStandingScope._race (/private/var/folders/dc/4kv0_bnn39j8rg3pgcvxm8p00000gp/T/playwright-java-31296596661805436/package/lib/utils/isomorphic/manualPromise.js:87:58)
    at LongStandingScope.race (/private/var/folders/dc/4kv0_bnn39j8rg3pgcvxm8p00000gp/T/playwright-java-31296596661805436/package/lib/utils/isomorphic/manualPromise.js:80:17)
    at /private/var/folders/dc/4kv0_bnn39j8rg3pgcvxm8p00000gp/T/playwright-java-31296596661805436/package/lib/utils/isomorphic/manualPromise.js:77:45
    at Array.map (<anonymous>)
    at LongStandingScope.raceMultiple (/private/var/folders/dc/4kv0_bnn39j8rg3pgcvxm8p00000gp/T/playwright-java-31296596661805436/package/lib/utils/isomorphic/manualPromise.js:77:32)
    at Frame.raceNavigationAction (/private/var/folders/dc/4kv0_bnn39j8rg3pgcvxm8p00000gp/T/playwright-java-31296596661805436/package/lib/server/frames.js:480:43)
    at Frame.goto (/private/var/folders/dc/4kv0_bnn39j8rg3pgcvxm8p00000gp/T/playwright-java-31296596661805436/package/lib/server/frames.js:505:17)
    at FrameDispatcher.goto (/private/var/folders/dc/4kv0_bnn39j8rg3pgcvxm8p00000gp/T/playwright-java-31296596661805436/package/lib/server/dispatchers/frameDispatcher.js:70:132)
    at /private/var/folders/dc/4kv0_bnn39j8rg3pgcvxm8p00000gp/T/playwright-java-31296596661805436/package/lib/server/dispatchers/dispatcher.js:95:61
    at ProgressController.run (/private/var/folders/dc/4kv0_bnn39j8rg3pgcvxm8p00000gp/T/playwright-java-31296596661805436/package/lib/server/progress.js:78:28)
    at FrameDispatcher._runCommand (/private/var/folders/dc/4kv0_bnn39j8rg3pgcvxm8p00000gp/T/playwright-java-31296596661805436/package/lib/server/dispatchers/dispatcher.js:95:31)
    at DispatcherConnection.dispatch (/private/var/folders/dc/4kv0_bnn39j8rg3pgcvxm8p00000gp/T/playwright-java-31296596661805436/package/lib/server/dispatchers/dispatcher.js:329:39)
}
Call log:
-   - navigating to "https://www.google.com/", waiting until "load"

at com.microsoft.playwright.impl.Connection.dispatch(Connection.java:259)
at com.microsoft.playwright.impl.Connection.processOneMessage(Connection.java:214)
at com.microsoft.playwright.impl.ChannelOwner.runUntil(ChannelOwner.java:136)
... 17 more
... Removed 7 stack frames]]>
    </failure>
  </testcase> <!-- test -->
  <testcase classname="parameterisation.ParalllelWithDataProvider" name="test" time="28.359"/>
</testsuite> <!-- DemoTests -->
