<?xml version="1.0" encoding="UTF-8"?>
<!-- Generated by org.testng.reporters.JUnitXMLReporter -->
<testsuite ignored="0" hostname="MREMEDD38144" failures="1" tests="2" name="DemoTests 1" time="34.702" errors="0" timestamp="2026-02-23T15:26:36 IST">
  <testcase classname="parameterisation.ParalllelWithDataProvider" name="test" time="15.46">
    <failure type="com.microsoft.playwright.PlaywrightException" message="Object doesn&amp;apos;t exist: request@b742a5c849255d9e9987f7a7fa1d291d">
      <![CDATA[com.microsoft.playwright.PlaywrightException: Object doesn't exist: request@b742a5c849255d9e9987f7a7fa1d291d
at com.microsoft.playwright.impl.Connection.getExistingObject(Connection.java:195)
at com.microsoft.playwright.impl.BrowserContextImpl.handleEvent(BrowserContextImpl.java:743)
at com.microsoft.playwright.impl.Connection.dispatch(Connection.java:295)
at com.microsoft.playwright.impl.Connection.processOneMessage(Connection.java:214)
at com.microsoft.playwright.impl.ChannelOwner.runUntil(ChannelOwner.java:136)
at com.microsoft.playwright.impl.Connection.sendMessage(Connection.java:131)
at com.microsoft.playwright.impl.ChannelOwner.sendMessage(ChannelOwner.java:124)
at com.microsoft.playwright.impl.FrameImpl.navigateImpl(FrameImpl.java:429)
at com.microsoft.playwright.impl.PageImpl.navigate(PageImpl.java:929)
at com.microsoft.playwright.impl.PageImpl.navigate(PageImpl.java:43)
at com.microsoft.playwright.Page.navigate(Page.java:5504)
at parameterisation.ParalllelWithDataProvider.test(ParalllelWithDataProvider.java:37)
at java.base/java.util.concurrent.ThreadPoolExecutor.runWorker(ThreadPoolExecutor.java:1144)
at java.base/java.util.concurrent.ThreadPoolExecutor$Worker.run(ThreadPoolExecutor.java:642)
at java.base/java.lang.Thread.run(Thread.java:1583)
... Removed 7 stack frames]]>
    </failure>
  </testcase> <!-- test -->
  <testcase classname="parameterisation.ParalllelWithDataProvider" name="test" time="34.611"/>
</testsuite> <!-- DemoTests 1 -->
