<?xml version="1.0" encoding="UTF-8"?>
<!-- Generated by org.testng.reporters.JUnitXMLReporter -->
<testsuite ignored="0" hostname="MREMEDD38144" failures="2" tests="2" name="RegressionDemoTest2" time="0.007" errors="0" timestamp="2026-02-19T14:48:46 IST">
  <testcase classname="regression.SoftAssertEx" name="SofAssertion" time="0.003">
    <failure type="java.lang.AssertionError" message="Value 1 != Value2 expected [true] but found [false]">
      <![CDATA[java.lang.AssertionError: Value 1 != Value2 expected [true] but found [false]
at regression.SoftAssertEx.SofAssertion(SoftAssertEx.java:20)
at java.base/java.util.ArrayList.forEach(ArrayList.java:1511)
at testNGTest.TestRunnerUsingXML.main(TestRunnerUsingXML.java:13)
... Removed 30 stack frames]]>
    </failure>
  </testcase> <!-- SofAssertion -->
  <testcase classname="regression.SoftAssertEx" name="SofAssertion1" time="0.0">
    <failure type="java.lang.AssertionError" message="Value 1 != Value2 expected [true] but found [false]">
      <![CDATA[java.lang.AssertionError: Value 1 != Value2 expected [true] but found [false]
at regression.SoftAssertEx.SofAssertion1(SoftAssertEx.java:37)
at java.base/java.util.ArrayList.forEach(ArrayList.java:1511)
at testNGTest.TestRunnerUsingXML.main(TestRunnerUsingXML.java:13)
... Removed 30 stack frames]]>
    </failure>
  </testcase> <!-- SofAssertion1 -->
</testsuite> <!-- RegressionDemoTest2 -->
