<?xml version="1.0" encoding="UTF-8"?>
<testng-results ignored="0" total="29" passed="24" failed="3" skipped="2">
  <reporter-output>
  </reporter-output>
  <suite started-at="2026-02-24T14:05:11 IST" name="Surefire suite" finished-at="2026-02-24T14:05:25 IST" duration-ms="13327">
    <groups>
      <group name="regression">
        <method signature="TestNGGroup.paymentTest()[pri:0, instance:testNGTest.TestNGGroup@27ae2fd0]" name="paymentTest" class="testNGTest.TestNGGroup"/>
      </group> <!-- regression -->
      <group name="Functiaonl">
        <method signature="TestNGGroup.paymentTest1()[pri:0, instance:testNGTest.TestNGGroup@27ae2fd0]" name="paymentTest1" class="testNGTest.TestNGGroup"/>
      </group> <!-- Functiaonl -->
      <group name="smoke">
        <method signature="TestNGGroup.paymentTest()[pri:0, instance:testNGTest.TestNGGroup@27ae2fd0]" name="paymentTest" class="testNGTest.TestNGGroup"/>
      </group> <!-- smoke -->
    </groups>
    <test started-at="2026-02-24T14:05:11 IST" name="Surefire test" finished-at="2026-02-24T14:05:25 IST" duration-ms="13327">
      <class name="parameterisation.DataProviderExcelTest">
        <test-method signature="doLogin(java.lang.String,java.lang.String,java.lang.String)[pri:1, instance:parameterisation.DataProviderExcelTest@147ed70f]" started-at="2026-02-24T14:05:24 IST" name="doLogin" data-provider="loginData" finished-at="2026-02-24T14:05:24 IST" duration-ms="2" status="PASS">
          <params>
            <param index="0">
              <value>
                <![CDATA[I00001]]>
              </value>
            </param>
            <param index="1">
              <value>
                <![CDATA[asd]]>
              </value>
            </param>
            <param index="2">
              <value>
                <![CDATA[1234]]>
              </value>
            </param>
          </params>
          <reporter-output>
          </reporter-output>
        </test-method> <!-- doLogin -->
        <test-method signature="doLogin(java.lang.String,java.lang.String,java.lang.String)[pri:1, instance:parameterisation.DataProviderExcelTest@147ed70f]" started-at="2026-02-24T14:05:24 IST" name="doLogin" data-provider="loginData" finished-at="2026-02-24T14:05:24 IST" duration-ms="0" status="PASS">
          <params>
            <param index="0">
              <value>
                <![CDATA[I00002]]>
              </value>
            </param>
            <param index="1">
              <value>
                <![CDATA[sdasdas]]>
              </value>
            </param>
            <param index="2">
              <value>
                <![CDATA[1235]]>
              </value>
            </param>
          </params>
          <reporter-output>
          </reporter-output>
        </test-method> <!-- doLogin -->
        <test-method signature="doLogin(java.lang.String,java.lang.String,java.lang.String)[pri:1, instance:parameterisation.DataProviderExcelTest@147ed70f]" started-at="2026-02-24T14:05:24 IST" name="doLogin" data-provider="loginData" finished-at="2026-02-24T14:05:24 IST" duration-ms="0" status="PASS">
          <params>
            <param index="0">
              <value>
                <![CDATA[I00003]]>
              </value>
            </param>
            <param index="1">
              <value>
                <![CDATA[ascasd]]>
              </value>
            </param>
            <param index="2">
              <value>
                <![CDATA[1236]]>
              </value>
            </param>
          </params>
          <reporter-output>
          </reporter-output>
        </test-method> <!-- doLogin -->
        <test-method signature="doLogin(java.lang.String,java.lang.String,java.lang.String)[pri:1, instance:parameterisation.DataProviderExcelTest@147ed70f]" started-at="2026-02-24T14:05:24 IST" name="doLogin" data-provider="loginData" finished-at="2026-02-24T14:05:24 IST" duration-ms="1" status="PASS">
          <params>
            <param index="0">
              <value>
                <![CDATA[I00004]]>
              </value>
            </param>
            <param index="1">
              <value>
                <![CDATA[asd]]>
              </value>
            </param>
            <param index="2">
              <value>
                <![CDATA[1237]]>
              </value>
            </param>
          </params>
          <reporter-output>
          </reporter-output>
        </test-method> <!-- doLogin -->
        <test-method signature="doLogin(java.lang.String,java.lang.String,java.lang.String)[pri:1, instance:parameterisation.DataProviderExcelTest@147ed70f]" started-at="2026-02-24T14:05:24 IST" name="doLogin" data-provider="loginData" finished-at="2026-02-24T14:05:24 IST" duration-ms="1" status="PASS">
          <params>
            <param index="0">
              <value>
                <![CDATA[I00005]]>
              </value>
            </param>
            <param index="1">
              <value>
                <![CDATA[asda]]>
              </value>
            </param>
            <param index="2">
              <value>
                <![CDATA[1238]]>
              </value>
            </param>
          </params>
          <reporter-output>
          </reporter-output>
        </test-method> <!-- doLogin -->
        <test-method signature="doLogin(java.lang.String,java.lang.String,java.lang.String)[pri:1, instance:parameterisation.DataProviderExcelTest@147ed70f]" started-at="2026-02-24T14:05:24 IST" name="doLogin" data-provider="loginData" finished-at="2026-02-24T14:05:24 IST" duration-ms="0" status="PASS">
          <params>
            <param index="0">
              <value>
                <![CDATA[I00006]]>
              </value>
            </param>
            <param index="1">
              <value>
                <![CDATA[d]]>
              </value>
            </param>
            <param index="2">
              <value>
                <![CDATA[1239]]>
              </value>
            </param>
          </params>
          <reporter-output>
          </reporter-output>
        </test-method> <!-- doLogin -->
        <test-method signature="doLogin(java.lang.String,java.lang.String,java.lang.String)[pri:1, instance:parameterisation.DataProviderExcelTest@147ed70f]" started-at="2026-02-24T14:05:24 IST" name="doLogin" data-provider="loginData" finished-at="2026-02-24T14:05:24 IST" duration-ms="0" status="PASS">
          <params>
            <param index="0">
              <value>
                <![CDATA[I00007]]>
              </value>
            </param>
            <param index="1">
              <value>
                <![CDATA[as]]>
              </value>
            </param>
            <param index="2">
              <value>
                <![CDATA[1240]]>
              </value>
            </param>
          </params>
          <reporter-output>
          </reporter-output>
        </test-method> <!-- doLogin -->
        <test-method signature="doLogin(java.lang.String,java.lang.String,java.lang.String)[pri:1, instance:parameterisation.DataProviderExcelTest@147ed70f]" started-at="2026-02-24T14:05:24 IST" name="doLogin" data-provider="loginData" finished-at="2026-02-24T14:05:24 IST" duration-ms="0" status="PASS">
          <params>
            <param index="0">
              <value>
                <![CDATA[I00008]]>
              </value>
            </param>
            <param index="1">
              <value>
                <![CDATA[asasd]]>
              </value>
            </param>
            <param index="2">
              <value>
                <![CDATA[1241]]>
              </value>
            </param>
          </params>
          <reporter-output>
          </reporter-output>
        </test-method> <!-- doLogin -->
        <test-method signature="test()[pri:2, instance:parameterisation.DataProviderExcelTest@147ed70f]" started-at="2026-02-24T14:05:24 IST" name="test" finished-at="2026-02-24T14:05:24 IST" duration-ms="2" status="PASS">
          <reporter-output>
          </reporter-output>
        </test-method> <!-- test -->
        <test-method signature="doLogin(java.util.Map)[pri:3, instance:parameterisation.DataProviderExcelTest@147ed70f]" started-at="2026-02-24T14:05:25 IST" name="doLogin" data-provider="loginDataMap" finished-at="2026-02-24T14:05:25 IST" duration-ms="1" status="PASS">
          <params>
            <param index="0">
              <value>
                <![CDATA[{Number=1234, ID=I00001, Name=asd}]]>
              </value>
            </param>
          </params>
          <reporter-output>
          </reporter-output>
        </test-method> <!-- doLogin -->
        <test-method signature="doLogin(java.util.Map)[pri:3, instance:parameterisation.DataProviderExcelTest@147ed70f]" started-at="2026-02-24T14:05:25 IST" name="doLogin" data-provider="loginDataMap" finished-at="2026-02-24T14:05:25 IST" duration-ms="1" status="PASS">
          <params>
            <param index="0">
              <value>
                <![CDATA[{Number=1235, ID=I00002, Name=sdasdas}]]>
              </value>
            </param>
          </params>
          <reporter-output>
          </reporter-output>
        </test-method> <!-- doLogin -->
        <test-method signature="doLogin(java.util.Map)[pri:3, instance:parameterisation.DataProviderExcelTest@147ed70f]" started-at="2026-02-24T14:05:25 IST" name="doLogin" data-provider="loginDataMap" finished-at="2026-02-24T14:05:25 IST" duration-ms="0" status="PASS">
          <params>
            <param index="0">
              <value>
                <![CDATA[{Number=1236, ID=I00003, Name=ascasd}]]>
              </value>
            </param>
          </params>
          <reporter-output>
          </reporter-output>
        </test-method> <!-- doLogin -->
        <test-method signature="doLogin(java.util.Map)[pri:3, instance:parameterisation.DataProviderExcelTest@147ed70f]" started-at="2026-02-24T14:05:25 IST" name="doLogin" data-provider="loginDataMap" finished-at="2026-02-24T14:05:25 IST" duration-ms="0" status="PASS">
          <params>
            <param index="0">
              <value>
                <![CDATA[{Number=1237, ID=I00004, Name=asd}]]>
              </value>
            </param>
          </params>
          <reporter-output>
          </reporter-output>
        </test-method> <!-- doLogin -->
        <test-method signature="doLogin(java.util.Map)[pri:3, instance:parameterisation.DataProviderExcelTest@147ed70f]" started-at="2026-02-24T14:05:25 IST" name="doLogin" data-provider="loginDataMap" finished-at="2026-02-24T14:05:25 IST" duration-ms="0" status="PASS">
          <params>
            <param index="0">
              <value>
                <![CDATA[{Number=1238, ID=I00005, Name=asda}]]>
              </value>
            </param>
          </params>
          <reporter-output>
          </reporter-output>
        </test-method> <!-- doLogin -->
        <test-method signature="doLogin(java.util.Map)[pri:3, instance:parameterisation.DataProviderExcelTest@147ed70f]" started-at="2026-02-24T14:05:25 IST" name="doLogin" data-provider="loginDataMap" finished-at="2026-02-24T14:05:25 IST" duration-ms="0" status="PASS">
          <params>
            <param index="0">
              <value>
                <![CDATA[{Number=1239, ID=I00006, Name=d}]]>
              </value>
            </param>
          </params>
          <reporter-output>
          </reporter-output>
        </test-method> <!-- doLogin -->
        <test-method signature="doLogin(java.util.Map)[pri:3, instance:parameterisation.DataProviderExcelTest@147ed70f]" started-at="2026-02-24T14:05:25 IST" name="doLogin" data-provider="loginDataMap" finished-at="2026-02-24T14:05:25 IST" duration-ms="1" status="PASS">
          <params>
            <param index="0">
              <value>
                <![CDATA[{Number=1240, ID=I00007, Name=as}]]>
              </value>
            </param>
          </params>
          <reporter-output>
          </reporter-output>
        </test-method> <!-- doLogin -->
        <test-method signature="doLogin(java.util.Map)[pri:3, instance:parameterisation.DataProviderExcelTest@147ed70f]" started-at="2026-02-24T14:05:25 IST" name="doLogin" data-provider="loginDataMap" finished-at="2026-02-24T14:05:25 IST" duration-ms="1" status="PASS">
          <params>
            <param index="0">
              <value>
                <![CDATA[{Number=1241, ID=I00008, Name=asasd}]]>
              </value>
            </param>
          </params>
          <reporter-output>
          </reporter-output>
        </test-method> <!-- doLogin -->
      </class> <!-- parameterisation.DataProviderExcelTest -->
      <class name="testNGTest.AssertTest">
        <test-method signature="titleVerify()[pri:0, instance:testNGTest.AssertTest@19d37183]" started-at="2026-02-24T14:05:21 IST" name="titleVerify" finished-at="2026-02-24T14:05:21 IST" duration-ms="6" status="FAIL">
          <exception class="java.lang.AssertionError">
            <message>
              <![CDATA[Title did not match! expected [Gmail1] but found [Gmail]]]>
            </message>
            <full-stacktrace>
              <![CDATA[java.lang.AssertionError: Title did not match! expected [Gmail1] but found [Gmail]
at org.testng.Assert.fail(Assert.java:111)
at org.testng.Assert.failNotEquals(Assert.java:1578)
at org.testng.Assert.assertEqualsImpl(Assert.java:150)
at org.testng.Assert.assertEquals(Assert.java:132)
at org.testng.Assert.assertEquals(Assert.java:656)
at testNGTest.AssertTest.titleVerify(AssertTest.java:13)
at java.base/jdk.internal.reflect.DirectMethodHandleAccessor.invoke(DirectMethodHandleAccessor.java:103)
at java.base/java.lang.reflect.Method.invoke(Method.java:580)
at org.testng.internal.invokers.MethodInvocationHelper.invokeMethod(MethodInvocationHelper.java:141)
at org.testng.internal.invokers.TestInvoker.invokeMethod(TestInvoker.java:686)
at org.testng.internal.invokers.TestInvoker.invokeTestMethod(TestInvoker.java:230)
at org.testng.internal.invokers.MethodRunner.runInSequence(MethodRunner.java:63)
at org.testng.internal.invokers.TestInvoker$MethodInvocationAgent.invoke(TestInvoker.java:992)
at org.testng.internal.invokers.TestInvoker.invokeTestMethods(TestInvoker.java:203)
at org.testng.internal.invokers.TestMethodWorker.invokeTestMethods(TestMethodWorker.java:154)
at org.testng.internal.invokers.TestMethodWorker.run(TestMethodWorker.java:134)
at java.base/java.util.ArrayList.forEach(ArrayList.java:1596)
at org.testng.TestRunner.privateRun(TestRunner.java:739)
at org.testng.TestRunner.run(TestRunner.java:614)
at org.testng.SuiteRunner.runTest(SuiteRunner.java:421)
at org.testng.SuiteRunner.runSequentially(SuiteRunner.java:413)
at org.testng.SuiteRunner.privateRun(SuiteRunner.java:373)
at org.testng.SuiteRunner.run(SuiteRunner.java:312)
at org.testng.SuiteRunnerWorker.runSuite(SuiteRunnerWorker.java:52)
at org.testng.SuiteRunnerWorker.run(SuiteRunnerWorker.java:95)
at org.testng.TestNG.runSuitesSequentially(TestNG.java:1274)
at org.testng.TestNG.runSuitesLocally(TestNG.java:1208)
at org.testng.TestNG.runSuites(TestNG.java:1112)
at org.testng.TestNG.run(TestNG.java:1079)
at org.apache.maven.surefire.testng.TestNGExecutor.run(TestNGExecutor.java:155)
at org.apache.maven.surefire.testng.TestNGDirectoryTestSuite.executeMulti(TestNGDirectoryTestSuite.java:169)
at org.apache.maven.surefire.testng.TestNGDirectoryTestSuite.execute(TestNGDirectoryTestSuite.java:88)
at org.apache.maven.surefire.testng.TestNGProvider.invoke(TestNGProvider.java:137)
at org.apache.maven.surefire.booter.ForkedBooter.runSuitesInProcess(ForkedBooter.java:385)
at org.apache.maven.surefire.booter.ForkedBooter.execute(ForkedBooter.java:162)
at org.apache.maven.surefire.booter.ForkedBooter.run(ForkedBooter.java:507)
at org.apache.maven.surefire.booter.ForkedBooter.main(ForkedBooter.java:495)
]]>
            </full-stacktrace>
          </exception> <!-- java.lang.AssertionError -->
          <reporter-output>
          </reporter-output>
        </test-method> <!-- titleVerify -->
      </class> <!-- testNGTest.AssertTest -->
      <class name="testNGTest.TestNGFlow">
        <test-method is-config="true" signature="suit1()[pri:0, instance:testNGTest.TestNGFlow@d706f19]" started-at="2026-02-24T14:05:11 IST" name="suit1" finished-at="2026-02-24T14:05:11 IST" duration-ms="8" status="PASS">
          <reporter-output>
          </reporter-output>
        </test-method> <!-- suit1 -->
        <test-method is-config="true" signature="launchBrowser()[pri:0, instance:testNGTest.TestNGFlow@d706f19]" started-at="2026-02-24T14:05:11 IST" name="launchBrowser" finished-at="2026-02-24T14:05:11 IST" duration-ms="1" status="PASS">
          <reporter-output>
          </reporter-output>
        </test-method> <!-- launchBrowser -->
        <test-method is-config="true" signature="class1()[pri:0, instance:testNGTest.TestNGFlow@d706f19]" started-at="2026-02-24T14:05:21 IST" name="class1" finished-at="2026-02-24T14:05:21 IST" duration-ms="1" status="PASS">
          <reporter-output>
          </reporter-output>
        </test-method> <!-- class1 -->
        <test-method is-config="true" signature="login()[pri:0, instance:testNGTest.TestNGFlow@d706f19]" started-at="2026-02-24T14:05:21 IST" name="login" finished-at="2026-02-24T14:05:21 IST" duration-ms="0" status="PASS">
          <reporter-output>
          </reporter-output>
        </test-method> <!-- login -->
        <test-method signature="fillTheForm()[pri:1, instance:testNGTest.TestNGFlow@d706f19]" started-at="2026-02-24T14:05:21 IST" name="fillTheForm" finished-at="2026-02-24T14:05:21 IST" duration-ms="0" status="PASS">
          <reporter-output>
          </reporter-output>
        </test-method> <!-- fillTheForm -->
        <test-method is-config="true" signature="logout()[pri:0, instance:testNGTest.TestNGFlow@d706f19]" started-at="2026-02-24T14:05:21 IST" name="logout" finished-at="2026-02-24T14:05:21 IST" duration-ms="0" status="PASS">
          <reporter-output>
          </reporter-output>
        </test-method> <!-- logout -->
        <test-method signature="fillTheForm2()[pri:2, instance:testNGTest.TestNGFlow@d706f19]" started-at="2026-02-24T14:05:21 IST" name="fillTheForm2" finished-at="2026-02-24T14:05:21 IST" duration-ms="1" status="PASS">
          <reporter-output>
          </reporter-output>
        </test-method> <!-- fillTheForm2 -->
        <test-method is-config="true" signature="login()[pri:0, instance:testNGTest.TestNGFlow@d706f19]" started-at="2026-02-24T14:05:21 IST" name="login" finished-at="2026-02-24T14:05:21 IST" duration-ms="0" status="PASS">
          <reporter-output>
          </reporter-output>
        </test-method> <!-- login -->
        <test-method is-config="true" signature="logout()[pri:0, instance:testNGTest.TestNGFlow@d706f19]" started-at="2026-02-24T14:05:21 IST" name="logout" finished-at="2026-02-24T14:05:21 IST" duration-ms="1" status="PASS">
          <reporter-output>
          </reporter-output>
        </test-method> <!-- logout -->
        <test-method is-config="true" signature="class2()[pri:0, instance:testNGTest.TestNGFlow@d706f19]" started-at="2026-02-24T14:05:21 IST" name="class2" finished-at="2026-02-24T14:05:21 IST" duration-ms="1" status="PASS">
          <reporter-output>
          </reporter-output>
        </test-method> <!-- class2 -->
        <test-method is-config="true" signature="closeBrowser()[pri:0, instance:testNGTest.TestNGFlow@d706f19]" started-at="2026-02-24T14:05:25 IST" name="closeBrowser" finished-at="2026-02-24T14:05:25 IST" duration-ms="1" status="PASS">
          <reporter-output>
          </reporter-output>
        </test-method> <!-- closeBrowser -->
        <test-method is-config="true" signature="suit2()[pri:0, instance:testNGTest.TestNGFlow@d706f19]" started-at="2026-02-24T14:05:25 IST" name="suit2" finished-at="2026-02-24T14:05:25 IST" duration-ms="0" status="PASS">
          <reporter-output>
          </reporter-output>
        </test-method> <!-- suit2 -->
      </class> <!-- testNGTest.TestNGFlow -->
      <class name="testNGTest.TestNGEx">
        <test-method signature="test1()[pri:0, instance:testNGTest.TestNGEx@6107227e]" started-at="2026-02-24T14:05:11 IST" name="test1" finished-at="2026-02-24T14:05:21 IST" duration-ms="9286" status="PASS">
          <reporter-output>
          </reporter-output>
        </test-method> <!-- test1 -->
      </class> <!-- testNGTest.TestNGEx -->
      <class name="testNGTest.TestNGEx2">
        <test-method signature="test1()[pri:0, instance:testNGTest.TestNGEx2@29176cc1]" started-at="2026-02-24T14:05:21 IST" name="test1" finished-at="2026-02-24T14:05:24 IST" duration-ms="3146" status="PASS">
          <reporter-output>
          </reporter-output>
        </test-method> <!-- test1 -->
      </class> <!-- testNGTest.TestNGEx2 -->
      <class name="testNGTest.TestNGGroup">
        <test-method signature="paymentTest()[pri:0, instance:testNGTest.TestNGGroup@27ae2fd0]" started-at="2026-02-24T14:05:21 IST" name="paymentTest" finished-at="2026-02-24T14:05:21 IST" duration-ms="1" status="PASS">
          <reporter-output>
          </reporter-output>
        </test-method> <!-- paymentTest -->
        <test-method signature="paymentTest1()[pri:0, instance:testNGTest.TestNGGroup@27ae2fd0]" started-at="2026-02-24T14:05:21 IST" name="paymentTest1" finished-at="2026-02-24T14:05:21 IST" duration-ms="0" status="PASS">
          <reporter-output>
          </reporter-output>
        </test-method> <!-- paymentTest1 -->
      </class> <!-- testNGTest.TestNGGroup -->
      <class name="regression.AssertTest">
        <test-method signature="titleVerify()[pri:0, instance:regression.AssertTest@2f177a4b]" started-at="2026-02-24T14:05:24 IST" name="titleVerify" finished-at="2026-02-24T14:05:24 IST" duration-ms="1" status="FAIL">
          <exception class="java.lang.AssertionError">
            <message>
              <![CDATA[Title did not match! expected [Gmail1] but found [Gmail]]]>
            </message>
            <full-stacktrace>
              <![CDATA[java.lang.AssertionError: Title did not match! expected [Gmail1] but found [Gmail]
at org.testng.Assert.fail(Assert.java:111)
at org.testng.Assert.failNotEquals(Assert.java:1578)
at org.testng.Assert.assertEqualsImpl(Assert.java:150)
at org.testng.Assert.assertEquals(Assert.java:132)
at org.testng.Assert.assertEquals(Assert.java:656)
at regression.AssertTest.titleVerify(AssertTest.java:13)
at java.base/jdk.internal.reflect.DirectMethodHandleAccessor.invoke(DirectMethodHandleAccessor.java:103)
at java.base/java.lang.reflect.Method.invoke(Method.java:580)
at org.testng.internal.invokers.MethodInvocationHelper.invokeMethod(MethodInvocationHelper.java:141)
at org.testng.internal.invokers.TestInvoker.invokeMethod(TestInvoker.java:686)
at org.testng.internal.invokers.TestInvoker.invokeTestMethod(TestInvoker.java:230)
at org.testng.internal.invokers.MethodRunner.runInSequence(MethodRunner.java:63)
at org.testng.internal.invokers.TestInvoker$MethodInvocationAgent.invoke(TestInvoker.java:992)
at org.testng.internal.invokers.TestInvoker.invokeTestMethods(TestInvoker.java:203)
at org.testng.internal.invokers.TestMethodWorker.invokeTestMethods(TestMethodWorker.java:154)
at org.testng.internal.invokers.TestMethodWorker.run(TestMethodWorker.java:134)
at java.base/java.util.ArrayList.forEach(ArrayList.java:1596)
at org.testng.TestRunner.privateRun(TestRunner.java:739)
at org.testng.TestRunner.run(TestRunner.java:614)
at org.testng.SuiteRunner.runTest(SuiteRunner.java:421)
at org.testng.SuiteRunner.runSequentially(SuiteRunner.java:413)
at org.testng.SuiteRunner.privateRun(SuiteRunner.java:373)
at org.testng.SuiteRunner.run(SuiteRunner.java:312)
at org.testng.SuiteRunnerWorker.runSuite(SuiteRunnerWorker.java:52)
at org.testng.SuiteRunnerWorker.run(SuiteRunnerWorker.java:95)
at org.testng.TestNG.runSuitesSequentially(TestNG.java:1274)
at org.testng.TestNG.runSuitesLocally(TestNG.java:1208)
at org.testng.TestNG.runSuites(TestNG.java:1112)
at org.testng.TestNG.run(TestNG.java:1079)
at org.apache.maven.surefire.testng.TestNGExecutor.run(TestNGExecutor.java:155)
at org.apache.maven.surefire.testng.TestNGDirectoryTestSuite.executeMulti(TestNGDirectoryTestSuite.java:169)
at org.apache.maven.surefire.testng.TestNGDirectoryTestSuite.execute(TestNGDirectoryTestSuite.java:88)
at org.apache.maven.surefire.testng.TestNGProvider.invoke(TestNGProvider.java:137)
at org.apache.maven.surefire.booter.ForkedBooter.runSuitesInProcess(ForkedBooter.java:385)
at org.apache.maven.surefire.booter.ForkedBooter.execute(ForkedBooter.java:162)
at org.apache.maven.surefire.booter.ForkedBooter.run(ForkedBooter.java:507)
at org.apache.maven.surefire.booter.ForkedBooter.main(ForkedBooter.java:495)
]]>
            </full-stacktrace>
          </exception> <!-- java.lang.AssertionError -->
          <reporter-output>
          </reporter-output>
        </test-method> <!-- titleVerify -->
      </class> <!-- regression.AssertTest -->
      <class name="testNGTest.TestAnnotationFeuture">
        <test-method signature="test1()[pri:1, instance:testNGTest.TestAnnotationFeuture@2928854b]" started-at="2026-02-24T14:05:21 IST" name="test1" finished-at="2026-02-24T14:05:21 IST" duration-ms="1" status="FAIL">
          <exception class="java.lang.AssertionError">
            <message>
              <![CDATA[null]]>
            </message>
            <full-stacktrace>
              <![CDATA[java.lang.AssertionError: null
at org.testng.Assert.fail(Assert.java:111)
at org.testng.Assert.fail(Assert.java:116)
at testNGTest.TestAnnotationFeuture.test1(TestAnnotationFeuture.java:11)
at java.base/jdk.internal.reflect.DirectMethodHandleAccessor.invoke(DirectMethodHandleAccessor.java:103)
at java.base/java.lang.reflect.Method.invoke(Method.java:580)
at org.testng.internal.invokers.MethodInvocationHelper.invokeMethod(MethodInvocationHelper.java:141)
at org.testng.internal.invokers.TestInvoker.invokeMethod(TestInvoker.java:686)
at org.testng.internal.invokers.TestInvoker.invokeTestMethod(TestInvoker.java:230)
at org.testng.internal.invokers.MethodRunner.runInSequence(MethodRunner.java:63)
at org.testng.internal.invokers.TestInvoker$MethodInvocationAgent.invoke(TestInvoker.java:992)
at org.testng.internal.invokers.TestInvoker.invokeTestMethods(TestInvoker.java:203)
at org.testng.internal.invokers.TestMethodWorker.invokeTestMethods(TestMethodWorker.java:154)
at org.testng.internal.invokers.TestMethodWorker.run(TestMethodWorker.java:134)
at java.base/java.util.ArrayList.forEach(ArrayList.java:1596)
at org.testng.TestRunner.privateRun(TestRunner.java:739)
at org.testng.TestRunner.run(TestRunner.java:614)
at org.testng.SuiteRunner.runTest(SuiteRunner.java:421)
at org.testng.SuiteRunner.runSequentially(SuiteRunner.java:413)
at org.testng.SuiteRunner.privateRun(SuiteRunner.java:373)
at org.testng.SuiteRunner.run(SuiteRunner.java:312)
at org.testng.SuiteRunnerWorker.runSuite(SuiteRunnerWorker.java:52)
at org.testng.SuiteRunnerWorker.run(SuiteRunnerWorker.java:95)
at org.testng.TestNG.runSuitesSequentially(TestNG.java:1274)
at org.testng.TestNG.runSuitesLocally(TestNG.java:1208)
at org.testng.TestNG.runSuites(TestNG.java:1112)
at org.testng.TestNG.run(TestNG.java:1079)
at org.apache.maven.surefire.testng.TestNGExecutor.run(TestNGExecutor.java:155)
at org.apache.maven.surefire.testng.TestNGDirectoryTestSuite.executeMulti(TestNGDirectoryTestSuite.java:169)
at org.apache.maven.surefire.testng.TestNGDirectoryTestSuite.execute(TestNGDirectoryTestSuite.java:88)
at org.apache.maven.surefire.testng.TestNGProvider.invoke(TestNGProvider.java:137)
at org.apache.maven.surefire.booter.ForkedBooter.runSuitesInProcess(ForkedBooter.java:385)
at org.apache.maven.surefire.booter.ForkedBooter.execute(ForkedBooter.java:162)
at org.apache.maven.surefire.booter.ForkedBooter.run(ForkedBooter.java:507)
at org.apache.maven.surefire.booter.ForkedBooter.main(ForkedBooter.java:495)
]]>
            </full-stacktrace>
          </exception> <!-- java.lang.AssertionError -->
          <reporter-output>
          </reporter-output>
        </test-method> <!-- test1 -->
        <test-method signature="test2()[pri:1, instance:testNGTest.TestAnnotationFeuture@2928854b]" started-at="2026-02-24T14:05:21 IST" name="test2" finished-at="2026-02-24T14:05:21 IST" depends-on-methods="testNGTest.TestAnnotationFeuture.test1" duration-ms="1" status="SKIP">
          <exception class="java.lang.Throwable">
            <message>
              <![CDATA[Method testNGTest.TestAnnotationFeuture.test2() on instance testNGTest.TestAnnotationFeuture@2928854b depends on not successfully finished methods 
[testNGTest.TestAnnotationFeuture.test1() on instance testNGTest.TestAnnotationFeuture@2928854b]]]>
            </message>
            <full-stacktrace>
              <![CDATA[java.lang.Throwable: Method testNGTest.TestAnnotationFeuture.test2() on instance testNGTest.TestAnnotationFeuture@2928854b depends on not successfully finished methods 
[testNGTest.TestAnnotationFeuture.test1() on instance testNGTest.TestAnnotationFeuture@2928854b]
at org.testng.internal.invokers.TestInvoker.invokeTestMethods(TestInvoker.java:159)
at org.testng.internal.invokers.TestMethodWorker.invokeTestMethods(TestMethodWorker.java:154)
at org.testng.internal.invokers.TestMethodWorker.run(TestMethodWorker.java:134)
at java.base/java.util.ArrayList.forEach(ArrayList.java:1596)
at org.testng.TestRunner.privateRun(TestRunner.java:739)
at org.testng.TestRunner.run(TestRunner.java:614)
at org.testng.SuiteRunner.runTest(SuiteRunner.java:421)
at org.testng.SuiteRunner.runSequentially(SuiteRunner.java:413)
at org.testng.SuiteRunner.privateRun(SuiteRunner.java:373)
at org.testng.SuiteRunner.run(SuiteRunner.java:312)
at org.testng.SuiteRunnerWorker.runSuite(SuiteRunnerWorker.java:52)
at org.testng.SuiteRunnerWorker.run(SuiteRunnerWorker.java:95)
at org.testng.TestNG.runSuitesSequentially(TestNG.java:1274)
at org.testng.TestNG.runSuitesLocally(TestNG.java:1208)
at org.testng.TestNG.runSuites(TestNG.java:1112)
at org.testng.TestNG.run(TestNG.java:1079)
at org.apache.maven.surefire.testng.TestNGExecutor.run(TestNGExecutor.java:155)
at org.apache.maven.surefire.testng.TestNGDirectoryTestSuite.executeMulti(TestNGDirectoryTestSuite.java:169)
at org.apache.maven.surefire.testng.TestNGDirectoryTestSuite.execute(TestNGDirectoryTestSuite.java:88)
at org.apache.maven.surefire.testng.TestNGProvider.invoke(TestNGProvider.java:137)
at org.apache.maven.surefire.booter.ForkedBooter.runSuitesInProcess(ForkedBooter.java:385)
at org.apache.maven.surefire.booter.ForkedBooter.execute(ForkedBooter.java:162)
at org.apache.maven.surefire.booter.ForkedBooter.run(ForkedBooter.java:507)
at org.apache.maven.surefire.booter.ForkedBooter.main(ForkedBooter.java:495)
]]>
            </full-stacktrace>
          </exception> <!-- java.lang.Throwable -->
          <reporter-output>
          </reporter-output>
        </test-method> <!-- test2 -->
        <test-method signature="test3()[pri:1, instance:testNGTest.TestAnnotationFeuture@2928854b]" started-at="2026-02-24T14:05:21 IST" name="test3" finished-at="2026-02-24T14:05:21 IST" depends-on-methods="testNGTest.TestAnnotationFeuture.test1" duration-ms="1" status="PASS">
          <reporter-output>
          </reporter-output>
        </test-method> <!-- test3 -->
        <test-method signature="test4()[pri:1, instance:testNGTest.TestAnnotationFeuture@2928854b]" started-at="2026-02-24T14:05:21 IST" name="test4" finished-at="2026-02-24T14:05:21 IST" depends-on-methods="testNGTest.TestAnnotationFeuture.test3, testNGTest.TestAnnotationFeuture.test1" duration-ms="0" status="SKIP">
          <exception class="java.lang.Throwable">
            <message>
              <![CDATA[Method testNGTest.TestAnnotationFeuture.test4() on instance testNGTest.TestAnnotationFeuture@2928854b depends on not successfully finished methods 
[testNGTest.TestAnnotationFeuture.test3() on instance testNGTest.TestAnnotationFeuture@2928854b
testNGTest.TestAnnotationFeuture.test1() on instance testNGTest.TestAnnotationFeuture@2928854b]]]>
            </message>
            <full-stacktrace>
              <![CDATA[java.lang.Throwable: Method testNGTest.TestAnnotationFeuture.test4() on instance testNGTest.TestAnnotationFeuture@2928854b depends on not successfully finished methods 
[testNGTest.TestAnnotationFeuture.test3() on instance testNGTest.TestAnnotationFeuture@2928854b
testNGTest.TestAnnotationFeuture.test1() on instance testNGTest.TestAnnotationFeuture@2928854b]
at org.testng.internal.invokers.TestInvoker.invokeTestMethods(TestInvoker.java:159)
at org.testng.internal.invokers.TestMethodWorker.invokeTestMethods(TestMethodWorker.java:154)
at org.testng.internal.invokers.TestMethodWorker.run(TestMethodWorker.java:134)
at java.base/java.util.ArrayList.forEach(ArrayList.java:1596)
at org.testng.TestRunner.privateRun(TestRunner.java:739)
at org.testng.TestRunner.run(TestRunner.java:614)
at org.testng.SuiteRunner.runTest(SuiteRunner.java:421)
at org.testng.SuiteRunner.runSequentially(SuiteRunner.java:413)
at org.testng.SuiteRunner.privateRun(SuiteRunner.java:373)
at org.testng.SuiteRunner.run(SuiteRunner.java:312)
at org.testng.SuiteRunnerWorker.runSuite(SuiteRunnerWorker.java:52)
at org.testng.SuiteRunnerWorker.run(SuiteRunnerWorker.java:95)
at org.testng.TestNG.runSuitesSequentially(TestNG.java:1274)
at org.testng.TestNG.runSuitesLocally(TestNG.java:1208)
at org.testng.TestNG.runSuites(TestNG.java:1112)
at org.testng.TestNG.run(TestNG.java:1079)
at org.apache.maven.surefire.testng.TestNGExecutor.run(TestNGExecutor.java:155)
at org.apache.maven.surefire.testng.TestNGDirectoryTestSuite.executeMulti(TestNGDirectoryTestSuite.java:169)
at org.apache.maven.surefire.testng.TestNGDirectoryTestSuite.execute(TestNGDirectoryTestSuite.java:88)
at org.apache.maven.surefire.testng.TestNGProvider.invoke(TestNGProvider.java:137)
at org.apache.maven.surefire.booter.ForkedBooter.runSuitesInProcess(ForkedBooter.java:385)
at org.apache.maven.surefire.booter.ForkedBooter.execute(ForkedBooter.java:162)
at org.apache.maven.surefire.booter.ForkedBooter.run(ForkedBooter.java:507)
at org.apache.maven.surefire.booter.ForkedBooter.main(ForkedBooter.java:495)
]]>
            </full-stacktrace>
          </exception> <!-- java.lang.Throwable -->
          <reporter-output>
          </reporter-output>
        </test-method> <!-- test4 -->
      </class> <!-- testNGTest.TestAnnotationFeuture -->
    </test> <!-- Surefire test -->
  </suite> <!-- Surefire suite -->
</testng-results>
