<?xml version="1.0" encoding="UTF-8"?>
<testsuite xmlns:xsi="http://www.w3.org/2001/XMLSchema-instance" xsi:noNamespaceSchemaLocation="https://maven.apache.org/surefire/maven-surefire-plugin/xsd/surefire-test-report-3.0.xsd" version="3.0" name="TestSuite" time="13.824" tests="29" errors="0" skipped="2" failures="3">
  <properties>
[...]
</properties>
  <testcase name="test1" classname="testNGTest.TestNGEx" time="9.287">
    <system-out><![CDATA[&amp#27;[34m Before suite &amp#27;[0m
&amp#27;[32mlaunch browser - Before Test&amp#27;[0m
TestNG Working Fine
]]></system-out>
    <system-err><![CDATA[SLF4J: Failed to load class "org.slf4j.impl.StaticLoggerBinder".
SLF4J: Defaulting to no-operation (NOP) logger implementation
SLF4J: See http://www.slf4j.org/codes.html#StaticLoggerBinder for further details.
]]></system-err>
  </testcase>
  <testcase name="titleVerify" classname="testNGTest.AssertTest" time="0.009">
    <failure message="Title did not match! expected [Gmail1] but found [Gmail]" type="java.lang.AssertionError"><![CDATA[java.lang.AssertionError: Title did not match! expected [Gmail1] but found [Gmail]
	at org.testng.Assert.fail(Assert.java:111)
	at org.testng.Assert.failNotEquals(Assert.java:1578)
	at org.testng.Assert.assertEqualsImpl(Assert.java:150)
	at org.testng.Assert.assertEquals(Assert.java:132)
	at org.testng.Assert.assertEquals(Assert.java:656)
	at testNGTest.AssertTest.titleVerify(AssertTest.java:13)
	at java.base/jdk.internal.reflect.DirectMethodHandleAccessor.invoke(DirectMethodHandleAccessor.java:103)
	at java.base/java.lang.reflect.Method.invoke(Method.java:580)
	at org.testng.internal.invokers.MethodInvocationHelper.invokeMethod(MethodInvocationHelper.java:141)
	at org.testng.internal.invokers.TestInvoker.invokeMethod(TestInvoker.java:686)
	at org.testng.internal.invokers.TestInvoker.invokeTestMethod(TestInvoker.java:230)
	at org.testng.internal.invokers.MethodRunner.runInSequence(MethodRunner.java:63)
	at org.testng.internal.invokers.TestInvoker$MethodInvocationAgent.invoke(TestInvoker.java:992)
	at org.testng.internal.invokers.TestInvoker.invokeTestMethods(TestInvoker.java:203)
	at org.testng.internal.invokers.TestMethodWorker.invokeTestMethods(TestMethodWorker.java:154)
	at org.testng.internal.invokers.TestMethodWorker.run(TestMethodWorker.java:134)
	at java.base/java.util.ArrayList.forEach(ArrayList.java:1596)
	at org.testng.TestRunner.privateRun(TestRunner.java:739)
	at org.testng.TestRunner.run(TestRunner.java:614)
	at org.testng.SuiteRunner.runTest(SuiteRunner.java:421)
	at org.testng.SuiteRunner.runSequentially(SuiteRunner.java:413)
	at org.testng.SuiteRunner.privateRun(SuiteRunner.java:373)
	at org.testng.SuiteRunner.run(SuiteRunner.java:312)
	at org.testng.SuiteRunnerWorker.runSuite(SuiteRunnerWorker.java:52)
	at org.testng.SuiteRunnerWorker.run(SuiteRunnerWorker.java:95)
	at org.testng.TestNG.runSuitesSequentially(TestNG.java:1274)
	at org.testng.TestNG.runSuitesLocally(TestNG.java:1208)
	at org.testng.TestNG.runSuites(TestNG.java:1112)
	at org.testng.TestNG.run(TestNG.java:1079)
	at org.apache.maven.surefire.testng.TestNGExecutor.run(TestNGExecutor.java:155)
	at org.apache.maven.surefire.testng.TestNGDirectoryTestSuite.executeMulti(TestNGDirectoryTestSuite.java:169)
	at org.apache.maven.surefire.testng.TestNGDirectoryTestSuite.execute(TestNGDirectoryTestSuite.java:88)
	at org.apache.maven.surefire.testng.TestNGProvider.invoke(TestNGProvider.java:137)
	at org.apache.maven.surefire.booter.ForkedBooter.runSuitesInProcess(ForkedBooter.java:385)
	at org.apache.maven.surefire.booter.ForkedBooter.execute(ForkedBooter.java:162)
	at org.apache.maven.surefire.booter.ForkedBooter.run(ForkedBooter.java:507)
	at org.apache.maven.surefire.booter.ForkedBooter.main(ForkedBooter.java:495)
]]></failure>
  </testcase>
  <testcase name="fillTheForm" classname="testNGTest.TestNGFlow" time="0.0">
    <system-out><![CDATA[&amp#27;[33m Before Class&amp#27;[0m
&amp#27;[32mLog in - Before Method&amp#27;[0m
&amp#27;[31mFill the form 1 - Test1&amp#27;[0m
]]></system-out>
  </testcase>
  <testcase name="fillTheForm2" classname="testNGTest.TestNGFlow" time="0.0">
    <system-out><![CDATA[&amp#27;[33mlog out - After Method&amp#27;[0m
&amp#27;[32mLog in - Before Method&amp#27;[0m
&amp#27;[31mFill the form 2 - Test2&amp#27;[0m
]]></system-out>
  </testcase>
  <testcase name="test1" classname="testNGTest.TestAnnotationFeuture" time="0.0">
    <failure message="null" type="java.lang.AssertionError"><![CDATA[java.lang.AssertionError: null
	at org.testng.Assert.fail(Assert.java:111)
	at org.testng.Assert.fail(Assert.java:116)
	at testNGTest.TestAnnotationFeuture.test1(TestAnnotationFeuture.java:11)
	at java.base/jdk.internal.reflect.DirectMethodHandleAccessor.invoke(DirectMethodHandleAccessor.java:103)
	at java.base/java.lang.reflect.Method.invoke(Method.java:580)
	at org.testng.internal.invokers.MethodInvocationHelper.invokeMethod(MethodInvocationHelper.java:141)
	at org.testng.internal.invokers.TestInvoker.invokeMethod(TestInvoker.java:686)
	at org.testng.internal.invokers.TestInvoker.invokeTestMethod(TestInvoker.java:230)
	at org.testng.internal.invokers.MethodRunner.runInSequence(MethodRunner.java:63)
	at org.testng.internal.invokers.TestInvoker$MethodInvocationAgent.invoke(TestInvoker.java:992)
	at org.testng.internal.invokers.TestInvoker.invokeTestMethods(TestInvoker.java:203)
	at org.testng.internal.invokers.TestMethodWorker.invokeTestMethods(TestMethodWorker.java:154)
	at org.testng.internal.invokers.TestMethodWorker.run(TestMethodWorker.java:134)
	at java.base/java.util.ArrayList.forEach(ArrayList.java:1596)
	at org.testng.TestRunner.privateRun(TestRunner.java:739)
	at org.testng.TestRunner.run(TestRunner.java:614)
	at org.testng.SuiteRunner.runTest(SuiteRunner.java:421)
	at org.testng.SuiteRunner.runSequentially(SuiteRunner.java:413)
	at org.testng.SuiteRunner.privateRun(SuiteRunner.java:373)
	at org.testng.SuiteRunner.run(SuiteRunner.java:312)
	at org.testng.SuiteRunnerWorker.runSuite(SuiteRunnerWorker.java:52)
	at org.testng.SuiteRunnerWorker.run(SuiteRunnerWorker.java:95)
	at org.testng.TestNG.runSuitesSequentially(TestNG.java:1274)
	at org.testng.TestNG.runSuitesLocally(TestNG.java:1208)
	at org.testng.TestNG.runSuites(TestNG.java:1112)
	at org.testng.TestNG.run(TestNG.java:1079)
	at org.apache.maven.surefire.testng.TestNGExecutor.run(TestNGExecutor.java:155)
	at org.apache.maven.surefire.testng.TestNGDirectoryTestSuite.executeMulti(TestNGDirectoryTestSuite.java:169)
	at org.apache.maven.surefire.testng.TestNGDirectoryTestSuite.execute(TestNGDirectoryTestSuite.java:88)
	at org.apache.maven.surefire.testng.TestNGProvider.invoke(TestNGProvider.java:137)
	at org.apache.maven.surefire.booter.ForkedBooter.runSuitesInProcess(ForkedBooter.java:385)
	at org.apache.maven.surefire.booter.ForkedBooter.execute(ForkedBooter.java:162)
	at org.apache.maven.surefire.booter.ForkedBooter.run(ForkedBooter.java:507)
	at org.apache.maven.surefire.booter.ForkedBooter.main(ForkedBooter.java:495)
]]></failure>
    <system-out><![CDATA[&amp#27;[33mlog out - After Method&amp#27;[0m
&amp#27;[34m After Class&amp#27;[0m
]]></system-out>
  </testcase>
  <testcase name="test2" classname="testNGTest.TestAnnotationFeuture" time="0.0">
    <skipped message="Method testNGTest.TestAnnotationFeuture.test2() on instance testNGTest.TestAnnotationFeuture@2928854b depends on not successfully finished methods &#10;[testNGTest.TestAnnotationFeuture.test1() on instance testNGTest.TestAnnotationFeuture@2928854b]"/>
  </testcase>
  <testcase name="test3" classname="testNGTest.TestAnnotationFeuture" time="0.004">
    <system-out><![CDATA[test3 Passed
]]></system-out>
  </testcase>
  <testcase name="test4" classname="testNGTest.TestAnnotationFeuture" time="0.0">
    <skipped message="Method testNGTest.TestAnnotationFeuture.test4() on instance testNGTest.TestAnnotationFeuture@2928854b depends on not successfully finished methods &#10;[testNGTest.TestAnnotationFeuture.test3() on instance testNGTest.TestAnnotationFeuture@2928854b&#10;testNGTest.TestAnnotationFeuture.test1() on instance testNGTest.TestAnnotationFeuture@2928854b]"/>
  </testcase>
  <testcase name="paymentTest" classname="testNGTest.TestNGGroup" time="0.002">
    <system-out><![CDATA[Smoke Payment Test
]]></system-out>
  </testcase>
  <testcase name="paymentTest1" classname="testNGTest.TestNGGroup" time="0.002">
    <system-out><![CDATA[Functional Payment Test1
]]></system-out>
  </testcase>
  <testcase name="test1" classname="testNGTest.TestNGEx2" time="3.146">
    <system-out><![CDATA[2TestNG Working Fine2
]]></system-out>
  </testcase>
  <testcase name="titleVerify" classname="regression.AssertTest" time="0.007">
    <failure message="Title did not match! expected [Gmail1] but found [Gmail]" type="java.lang.AssertionError"><![CDATA[java.lang.AssertionError: Title did not match! expected [Gmail1] but found [Gmail]
	at org.testng.Assert.fail(Assert.java:111)
	at org.testng.Assert.failNotEquals(Assert.java:1578)
	at org.testng.Assert.assertEqualsImpl(Assert.java:150)
	at org.testng.Assert.assertEquals(Assert.java:132)
	at org.testng.Assert.assertEquals(Assert.java:656)
	at regression.AssertTest.titleVerify(AssertTest.java:13)
	at java.base/jdk.internal.reflect.DirectMethodHandleAccessor.invoke(DirectMethodHandleAccessor.java:103)
	at java.base/java.lang.reflect.Method.invoke(Method.java:580)
	at org.testng.internal.invokers.MethodInvocationHelper.invokeMethod(MethodInvocationHelper.java:141)
	at org.testng.internal.invokers.TestInvoker.invokeMethod(TestInvoker.java:686)
	at org.testng.internal.invokers.TestInvoker.invokeTestMethod(TestInvoker.java:230)
	at org.testng.internal.invokers.MethodRunner.runInSequence(MethodRunner.java:63)
	at org.testng.internal.invokers.TestInvoker$MethodInvocationAgent.invoke(TestInvoker.java:992)
	at org.testng.internal.invokers.TestInvoker.invokeTestMethods(TestInvoker.java:203)
	at org.testng.internal.invokers.TestMethodWorker.invokeTestMethods(TestMethodWorker.java:154)
	at org.testng.internal.invokers.TestMethodWorker.run(TestMethodWorker.java:134)
	at java.base/java.util.ArrayList.forEach(ArrayList.java:1596)
	at org.testng.TestRunner.privateRun(TestRunner.java:739)
	at org.testng.TestRunner.run(TestRunner.java:614)
	at org.testng.SuiteRunner.runTest(SuiteRunner.java:421)
	at org.testng.SuiteRunner.runSequentially(SuiteRunner.java:413)
	at org.testng.SuiteRunner.privateRun(SuiteRunner.java:373)
	at org.testng.SuiteRunner.run(SuiteRunner.java:312)
	at org.testng.SuiteRunnerWorker.runSuite(SuiteRunnerWorker.java:52)
	at org.testng.SuiteRunnerWorker.run(SuiteRunnerWorker.java:95)
	at org.testng.TestNG.runSuitesSequentially(TestNG.java:1274)
	at org.testng.TestNG.runSuitesLocally(TestNG.java:1208)
	at org.testng.TestNG.runSuites(TestNG.java:1112)
	at org.testng.TestNG.run(TestNG.java:1079)
	at org.apache.maven.surefire.testng.TestNGExecutor.run(TestNGExecutor.java:155)
	at org.apache.maven.surefire.testng.TestNGDirectoryTestSuite.executeMulti(TestNGDirectoryTestSuite.java:169)
	at org.apache.maven.surefire.testng.TestNGDirectoryTestSuite.execute(TestNGDirectoryTestSuite.java:88)
	at org.apache.maven.surefire.testng.TestNGProvider.invoke(TestNGProvider.java:137)
	at org.apache.maven.surefire.booter.ForkedBooter.runSuitesInProcess(ForkedBooter.java:385)
	at org.apache.maven.surefire.booter.ForkedBooter.execute(ForkedBooter.java:162)
	at org.apache.maven.surefire.booter.ForkedBooter.run(ForkedBooter.java:507)
	at org.apache.maven.surefire.booter.ForkedBooter.main(ForkedBooter.java:495)
]]></failure>
  </testcase>
  <testcase name="doLogin[I00001, asd, 1234](1)" classname="parameterisation.DataProviderExcelTest" time="0.003">
    <system-out><![CDATA[I00001 ::: asd ::: 1234
]]></system-out>
    <system-err><![CDATA[ERROR StatusLogger Log4j2 could not find a logging implementation. Please add log4j-core to the classpath. Using SimpleLogger to log to the console...
]]></system-err>
  </testcase>
  <testcase name="doLogin[I00002, sdasdas, 1235](2)" classname="parameterisation.DataProviderExcelTest" time="0.001">
    <system-out><![CDATA[I00002 ::: sdasdas ::: 1235
]]></system-out>
  </testcase>
  <testcase name="doLogin[I00003, ascasd, 1236](3)" classname="parameterisation.DataProviderExcelTest" time="0.0">
    <system-out><![CDATA[I00003 ::: ascasd ::: 1236
]]></system-out>
  </testcase>
  <testcase name="doLogin[I00004, asd, 1237](4)" classname="parameterisation.DataProviderExcelTest" time="0.0">
    <system-out><![CDATA[I00004 ::: asd ::: 1237
]]></system-out>
  </testcase>
  <testcase name="doLogin[I00005, asda, 1238](5)" classname="parameterisation.DataProviderExcelTest" time="0.001">
    <system-out><![CDATA[I00005 ::: asda ::: 1238
]]></system-out>
  </testcase>
  <testcase name="doLogin[I00006, d, 1239](6)" classname="parameterisation.DataProviderExcelTest" time="0.002">
    <system-out><![CDATA[I00006 ::: d ::: 1239
]]></system-out>
  </testcase>
  <testcase name="doLogin[I00007, as, 1240](7)" classname="parameterisation.DataProviderExcelTest" time="0.001">
    <system-out><![CDATA[I00007 ::: as ::: 1240
]]></system-out>
  </testcase>
  <testcase name="doLogin[I00008, asasd, 1241](8)" classname="parameterisation.DataProviderExcelTest" time="0.001">
    <system-out><![CDATA[I00008 ::: asasd ::: 1241
]]></system-out>
  </testcase>
  <testcase name="test" classname="parameterisation.DataProviderExcelTest" time="0.001">
    <system-out><![CDATA[________________________________
]]></system-out>
  </testcase>
  <testcase name="doLogin[{Number=1234, ID=I00001, Name=asd}](1)" classname="parameterisation.DataProviderExcelTest" time="0.001">
    <system-out><![CDATA[I00001 ::: asd
]]></system-out>
  </testcase>
  <testcase name="doLogin[{Number=1235, ID=I00002, Name=sdasdas}](2)" classname="parameterisation.DataProviderExcelTest" time="0.003">
    <system-out><![CDATA[I00002 ::: sdasdas
]]></system-out>
  </testcase>
  <testcase name="doLogin[{Number=1236, ID=I00003, Name=ascasd}](3)" classname="parameterisation.DataProviderExcelTest" time="0.001">
    <system-out><![CDATA[I00003 ::: ascasd
]]></system-out>
  </testcase>
  <testcase name="doLogin[{Number=1237, ID=I00004, Name=asd}](4)" classname="parameterisation.DataProviderExcelTest" time="0.002">
    <system-out><![CDATA[I00004 ::: asd
]]></system-out>
  </testcase>
  <testcase name="doLogin[{Number=1238, ID=I00005, Name=asda}](5)" classname="parameterisation.DataProviderExcelTest" time="0.001">
    <system-out><![CDATA[I00005 ::: asda
]]></system-out>
  </testcase>
  <testcase name="doLogin[{Number=1239, ID=I00006, Name=d}](6)" classname="parameterisation.DataProviderExcelTest" time="0.001">
    <system-out><![CDATA[I00006 ::: d
]]></system-out>
  </testcase>
  <testcase name="doLogin[{Number=1240, ID=I00007, Name=as}](7)" classname="parameterisation.DataProviderExcelTest" time="0.003">
    <system-out><![CDATA[I00007 ::: as
]]></system-out>
  </testcase>
  <testcase name="doLogin[{Number=1241, ID=I00008, Name=asasd}](8)" classname="parameterisation.DataProviderExcelTest" time="0.001">
    <system-out><![CDATA[I00008 ::: asasd
]]></system-out>
  </testcase>
</testsuite>