<?xml version="1.0" encoding="UTF-8"?>
<!-- Generated by org.testng.reporters.JUnitReportReporter -->
<testsuite hostname="MREMEDD38144" failures="0" tests="17" name="parameterisation.DataProviderExcelTest" time="0.010" errors="0" timestamp="2026-02-24T14:05:25 IST" skipped="0">
  <testcase classname="parameterisation.DataProviderExcelTest" name="doLogin" time="0.000"/>
  <testcase classname="parameterisation.DataProviderExcelTest" name="doLogin" time="0.002"/>
  <testcase classname="parameterisation.DataProviderExcelTest" name="doLogin" time="0.001"/>
  <testcase classname="parameterisation.DataProviderExcelTest" name="doLogin" time="0.000"/>
  <testcase classname="parameterisation.DataProviderExcelTest" name="doLogin" time="0.000"/>
  <testcase classname="parameterisation.DataProviderExcelTest" name="doLogin" time="0.000"/>
  <testcase classname="parameterisation.DataProviderExcelTest" name="doLogin" time="0.000"/>
  <testcase classname="parameterisation.DataProviderExcelTest" name="doLogin" time="0.001"/>
  <testcase classname="parameterisation.DataProviderExcelTest" name="test" time="0.002"/>
  <testcase classname="parameterisation.DataProviderExcelTest" name="doLogin" time="0.000"/>
  <testcase classname="parameterisation.DataProviderExcelTest" name="doLogin" time="0.000"/>
  <testcase classname="parameterisation.DataProviderExcelTest" name="doLogin" time="0.000"/>
  <testcase classname="parameterisation.DataProviderExcelTest" name="doLogin" time="0.001"/>
  <testcase classname="parameterisation.DataProviderExcelTest" name="doLogin" time="0.001"/>
  <testcase classname="parameterisation.DataProviderExcelTest" name="doLogin" time="0.001"/>
  <testcase classname="parameterisation.DataProviderExcelTest" name="doLogin" time="0.000"/>
  <testcase classname="parameterisation.DataProviderExcelTest" name="doLogin" time="0.001"/>
</testsuite> <!-- parameterisation.DataProviderExcelTest -->
