<?xml version="1.0" encoding="UTF-8"?>
<!-- Generated by org.testng.reporters.JUnitReportReporter -->
<testsuite hostname="MREMEDD38144" failures="0" tests="2" name="parameterisation.ParameterFromXML" time="6.030" errors="0" timestamp="2026-02-23T15:13:09 IST" skipped="0">
  <testcase classname="parameterisation.ParameterFromXML" name="test" time="3.015"/>
  <testcase classname="parameterisation.ParameterFromXML" name="test" time="3.015"/>
</testsuite> <!-- parameterisation.ParameterFromXML -->
