<?xml version="1.0" encoding="UTF-8"?>
<!-- Generated by org.testng.reporters.JUnitReportReporter -->
<testsuite hostname="MREMEDD38144" failures="0" tests="4" name="parameterisation.MultiplerDataProviderHandler" time="0.007" errors="0" timestamp="2026-02-20T17:00:04 IST" skipped="0">
  <testcase classname="parameterisation.MultiplerDataProviderHandler" name="userRegistration" time="0.002"/>
  <testcase classname="parameterisation.MultiplerDataProviderHandler" name="login" time="0.004"/>
  <testcase classname="parameterisation.MultiplerDataProviderHandler" name="login" time="0.001"/>
  <testcase classname="parameterisation.MultiplerDataProviderHandler" name="userRegistration" time="0.000"/>
</testsuite> <!-- parameterisation.MultiplerDataProviderHandler -->
