<?xml version="1.0" encoding="UTF-8"?>
<!-- Generated by org.testng.reporters.JUnitReportReporter -->
<testsuite hostname="MREMEDD38144" failures="0" tests="2" name="parameterisation.ParalllelWithDataProvider" time="50.619" errors="0" timestamp="2026-02-23T15:37:30 IST" skipped="0">
  <testcase classname="parameterisation.ParalllelWithDataProvider" name="test" time="28.168"/>
  <testcase classname="parameterisation.ParalllelWithDataProvider" name="test" time="22.451"/>
</testsuite> <!-- parameterisation.ParalllelWithDataProvider -->
