<?xml version="1.0" encoding="UTF-8"?>
<!-- Generated by org.testng.reporters.JUnitReportReporter -->
<testsuite hostname="MREMEDD38144" failures="0" tests="3" name="parameterisation.ParameterisationReadData1" time="0.002" errors="0" timestamp="2026-02-20T15:47:31 IST" skipped="0">
  <testcase classname="parameterisation.ParameterisationReadData1" name="doLogin" time="0.000"/>
  <testcase classname="parameterisation.ParameterisationReadData1" name="doLogin" time="0.002"/>
  <testcase classname="parameterisation.ParameterisationReadData1" name="doLogin" time="0.000"/>
</testsuite> <!-- parameterisation.ParameterisationReadData1 -->
