<?xml version="1.0" encoding="UTF-8"?>
<!-- Generated by org.testng.reporters.JUnitReportReporter -->
<testsuite hostname="MREMEDD38144" failures="0" tests="2" name="testNGTest.TestNGFlow" time="0.002" errors="0" timestamp="2026-02-20T15:19:06 IST" skipped="0">
  <testcase classname="testNGTest.TestNGFlow" name="fillTheForm" time="0.001"/>
  <testcase classname="testNGTest.TestNGFlow" name="fillTheForm2" time="0.001"/>
  <system-out>
    <![CDATA[<a href='/Users/swapnil.rokade/Desktop/Test.png'>Screenshot</a>]]>
  </system-out>
</testsuite> <!-- testNGTest.TestNGFlow -->
