<?xml version="1.0" encoding="UTF-8"?>
<!-- Generated by org.testng.reporters.JUnitXMLReporter -->
<testsuite ignored="0" hostname="MREMEDD38144" failures="1" tests="1" name="RegressionDemoTests" time="0.012" errors="0" timestamp="2026-02-19T14:24:37 IST">
  <testcase classname="regression.AssertTest" name="titleVerify" time="0.01">
    <failure type="java.lang.AssertionError" message="Title did not match! expected [Gmail1] but found [Gmail]">
      <![CDATA[java.lang.AssertionError: Title did not match! expected [Gmail1] but found [Gmail]
at regression.AssertTest.titleVerify(AssertTest.java:13)
at java.base/java.util.ArrayList.forEach(ArrayList.java:1511)
at testNGTest.TestRunnerUsingXML.main(TestRunnerUsingXML.java:36)
... Removed 29 stack frames]]>
    </failure>
  </testcase> <!-- titleVerify -->
</testsuite> <!-- RegressionDemoTests -->
