<?xml version="1.0" encoding="UTF-8"?>
<testng-results ignored="0" total="3" passed="3" failed="0" skipped="0">
  <reporter-output>
  </reporter-output>
  <suite started-at="2026-03-02T05:37:05Z" name="Data Driven Framework" finished-at="2026-03-02T05:37:35Z" duration-ms="29159">
    <groups>
    </groups>
    <test started-at="2026-03-02T05:37:05Z" name="Test1" finished-at="2026-03-02T05:37:35Z" duration-ms="29159">
      <class name="testcase.OpenAccountTest">
        <test-method is-config="true" signature="setUp()[pri:0, instance:testcase.OpenAccountTest@22ff4249]" started-at="2026-03-02T05:37:05Z" name="setUp" finished-at="2026-03-02T05:37:05Z" duration-ms="41" status="PASS">
          <reporter-output>
          </reporter-output>
        </test-method> <!-- setUp -->
        <test-method signature="openAccountTest(java.util.Hashtable)[pri:1, instance:testcase.OpenAccountTest@22ff4249]" started-at="2026-03-02T05:37:06Z" name="openAccountTest" data-provider="bankManagerDP" finished-at="2026-03-02T05:37:18Z" duration-ms="12466" status="PASS">
          <params>
            <param index="0">
              <value>
                <![CDATA[{currency=Rupee, browser=chrome, Runmode=Y, customer=Harry Potter}]]>
              </value>
            </param>
          </params>
          <reporter-output>
          </reporter-output>
        </test-method> <!-- openAccountTest -->
        <test-method is-config="true" signature="quit()[pri:0, instance:testcase.OpenAccountTest@22ff4249]" started-at="2026-03-02T05:37:18Z" name="quit" finished-at="2026-03-02T05:37:19Z" duration-ms="257" status="PASS">
          <reporter-output>
          </reporter-output>
        </test-method> <!-- quit -->
        <test-method signature="openAccountTest(java.util.Hashtable)[pri:1, instance:testcase.OpenAccountTest@22ff4249]" started-at="2026-03-02T05:37:19Z" name="openAccountTest" data-provider="bankManagerDP" finished-at="2026-03-02T05:37:26Z" duration-ms="7686" status="PASS">
          <params>
            <param index="0">
              <value>
                <![CDATA[{currency=Dollar, browser=chrome, Runmode=Y, customer=Ron Weasly}]]>
              </value>
            </param>
          </params>
          <reporter-output>
          </reporter-output>
        </test-method> <!-- openAccountTest -->
        <test-method is-config="true" signature="quit()[pri:0, instance:testcase.OpenAccountTest@22ff4249]" started-at="2026-03-02T05:37:26Z" name="quit" finished-at="2026-03-02T05:37:26Z" duration-ms="258" status="PASS">
          <reporter-output>
          </reporter-output>
        </test-method> <!-- quit -->
        <test-method signature="openAccountTest(java.util.Hashtable)[pri:1, instance:testcase.OpenAccountTest@22ff4249]" started-at="2026-03-02T05:37:26Z" name="openAccountTest" data-provider="bankManagerDP" finished-at="2026-03-02T05:37:35Z" duration-ms="8083" status="PASS">
          <params>
            <param index="0">
              <value>
                <![CDATA[{currency=Pound, browser=headless, Runmode=Y, customer=Hermoine Granger}]]>
              </value>
            </param>
          </params>
          <reporter-output>
          </reporter-output>
        </test-method> <!-- openAccountTest -->
        <test-method is-config="true" signature="quit()[pri:0, instance:testcase.OpenAccountTest@22ff4249]" started-at="2026-03-02T05:37:35Z" name="quit" finished-at="2026-03-02T05:37:35Z" duration-ms="39" status="PASS">
          <reporter-output>
          </reporter-output>
        </test-method> <!-- quit -->
      </class> <!-- testcase.OpenAccountTest -->
    </test> <!-- Test1 -->
  </suite> <!-- Data Driven Framework -->
</testng-results>
