<?xml version="1.0" encoding="UTF-8"?>
<!-- Generated by org.testng.reporters.JUnitXMLReporter -->
<testsuite ignored="0" hostname="MREMEDD38144" failures="3" tests="29" name="Surefire test" time="13.327" errors="0" timestamp="2026-02-24T14:05:25 IST">
  <testcase classname="testNGTest.TestNGEx" name="test1" time="9.286"/>
  <testcase classname="testNGTest.AssertTest" name="titleVerify" time="0.006">
    <failure type="java.lang.AssertionError" message="Title did not match! expected [Gmail1] but found [Gmail]">
      <![CDATA[java.lang.AssertionError: Title did not match! expected [Gmail1] but found [Gmail]
at testNGTest.AssertTest.titleVerify(AssertTest.java:13)
at java.base/java.util.ArrayList.forEach(ArrayList.java:1596)
... Removed 35 stack frames]]>
    </failure>
  </testcase> <!-- titleVerify -->
  <testcase classname="testNGTest.TestNGFlow" name="fillTheForm" time="0.0"/>
  <testcase classname="testNGTest.TestNGFlow" name="fillTheForm2" time="0.001"/>
  <testcase classname="testNGTest.TestAnnotationFeuture" name="test1" time="0.001">
    <failure type="java.lang.AssertionError" message="null">
      <![CDATA[java.lang.AssertionError: null
at testNGTest.TestAnnotationFeuture.test1(TestAnnotationFeuture.java:11)
at java.base/java.util.ArrayList.forEach(ArrayList.java:1596)
... Removed 32 stack frames]]>
    </failure>
  </testcase> <!-- test1 -->
  <testcase classname="testNGTest.TestAnnotationFeuture" name="test2" time="0.001">
    <skipped/>
  </testcase> <!-- test2 -->
  <testcase classname="testNGTest.TestAnnotationFeuture" name="test3" time="0.001"/>
  <testcase classname="testNGTest.TestAnnotationFeuture" name="test4" time="0.0">
    <skipped/>
  </testcase> <!-- test4 -->
  <testcase classname="testNGTest.TestNGGroup" name="paymentTest" time="0.001"/>
  <testcase classname="testNGTest.TestNGGroup" name="paymentTest1" time="0.0"/>
  <testcase classname="testNGTest.TestNGEx2" name="test1" time="3.146"/>
  <testcase classname="regression.AssertTest" name="titleVerify" time="0.001">
    <failure type="java.lang.AssertionError" message="Title did not match! expected [Gmail1] but found [Gmail]">
      <![CDATA[java.lang.AssertionError: Title did not match! expected [Gmail1] but found [Gmail]
at regression.AssertTest.titleVerify(AssertTest.java:13)
at java.base/java.util.ArrayList.forEach(ArrayList.java:1596)
... Removed 35 stack frames]]>
    </failure>
  </testcase> <!-- titleVerify -->
  <testcase classname="parameterisation.DataProviderExcelTest" name="doLogin" time="0.002"/>
  <testcase classname="parameterisation.DataProviderExcelTest" name="doLogin" time="0.0"/>
  <testcase classname="parameterisation.DataProviderExcelTest" name="doLogin" time="0.0"/>
  <testcase classname="parameterisation.DataProviderExcelTest" name="doLogin" time="0.001"/>
  <testcase classname="parameterisation.DataProviderExcelTest" name="doLogin" time="0.001"/>
  <testcase classname="parameterisation.DataProviderExcelTest" name="doLogin" time="0.0"/>
  <testcase classname="parameterisation.DataProviderExcelTest" name="doLogin" time="0.0"/>
  <testcase classname="parameterisation.DataProviderExcelTest" name="doLogin" time="0.0"/>
  <testcase classname="parameterisation.DataProviderExcelTest" name="test" time="0.002"/>
  <testcase classname="parameterisation.DataProviderExcelTest" name="doLogin" time="0.001"/>
  <testcase classname="parameterisation.DataProviderExcelTest" name="doLogin" time="0.001"/>
  <testcase classname="parameterisation.DataProviderExcelTest" name="doLogin" time="0.0"/>
  <testcase classname="parameterisation.DataProviderExcelTest" name="doLogin" time="0.0"/>
  <testcase classname="parameterisation.DataProviderExcelTest" name="doLogin" time="0.0"/>
  <testcase classname="parameterisation.DataProviderExcelTest" name="doLogin" time="0.0"/>
  <testcase classname="parameterisation.DataProviderExcelTest" name="doLogin" time="0.001"/>
  <testcase classname="parameterisation.DataProviderExcelTest" name="doLogin" time="0.001"/>
</testsuite> <!-- Surefire test -->
